<?xml version="1.0" encoding="UTF-8"?>
<!-- Generated by org.testng.reporters.JUnitXMLReporter -->
<testsuite hostname="AUTOEVER-PC164" ignored="0" name="TestEnrollLater" tests="1" failures="1" timestamp="2019-12-12T12:56:40 IST" time="110.391" errors="0">
  <testcase name="enrollmentLater" time="91.103" classname="testcases.Tc005_EnrollmentLater">
    <failure type="java.lang.RuntimeException" message="FAILED">
      <![CDATA[java.lang.RuntimeException: FAILED
at utils.Reporter.reportStep(Reporter.java:36)
at utils.Reporter.reportStep(Reporter.java:50)
at wrappers.GenericWrappers.clickByXpathExplict(GenericWrappers.java:547)
at pages.VehicleRegistrationPage.enrolLaterButton(VehicleRegistrationPage.java:59)
at testcases.Tc005_EnrollmentLater.enrollmentLater(Tc005_EnrollmentLater.java:27)
at java.util.ArrayList.forEach(Unknown Source)
... Removed 27 stack frames]]>
    </failure>
  </testcase> <!-- enrollmentLater -->
</testsuite> <!-- TestEnrollLater -->
