<?xml version="1.0" encoding="UTF-8"?>
<!-- Generated by org.testng.reporters.JUnitXMLReporter -->
<testsuite hostname="AUTOEVER-PC164" ignored="0" name="TestScheduleservicedealer" tests="1" failures="1" timestamp="2019-12-12T13:01:19 IST" time="279.212" errors="0">
  <testcase name="scheduleservice" time="259.455" classname="testcases.Tc007_ScheduleService">
    <failure type="java.lang.RuntimeException" message="FAILED">
      <![CDATA[java.lang.RuntimeException: FAILED
at utils.Reporter.reportStep(Reporter.java:36)
at utils.Reporter.reportStep(Reporter.java:50)
at wrappers.GenericWrappers.locateFrame(GenericWrappers.java:561)
at pages.ScheduleServicePage.completeScheduleService(ScheduleServicePage.java:41)
at testcases.Tc007_ScheduleService.scheduleservice(Tc007_ScheduleService.java:33)
at java.util.ArrayList.forEach(Unknown Source)
... Removed 27 stack frames]]>
    </failure>
  </testcase> <!-- scheduleservice -->
</testsuite> <!-- TestScheduleservicedealer -->
