<html>
<head>
<title>TestNG:  Test</title>
<link href="../testng.css" rel="stylesheet" type="text/css" />
<link href="../my-testng.css" rel="stylesheet" type="text/css" />

<style type="text/css">
.log { display: none;} 
.stack-trace { display: none;} 
</style>
<script type="text/javascript">
<!--
function flip(e) {
  current = e.style.display;
  if (current == 'block') {
    e.style.display = 'none';
    return 0;
  }
  else {
    e.style.display = 'block';
    return 1;
  }
}

function toggleBox(szDivId, elem, msg1, msg2)
{
  var res = -1;  if (document.getElementById) {
    res = flip(document.getElementById(szDivId));
  }
  else if (document.all) {
    // this is the way old msie versions work
    res = flip(document.all[szDivId]);
  }
  if(elem) {
    if(res == 0) elem.innerHTML = msg1; else elem.innerHTML = msg2;
  }

}

function toggleAllBoxes() {
  if (document.getElementsByTagName) {
    d = document.getElementsByTagName('div');
    for (i = 0; i < d.length; i++) {
      if (d[i].className == 'log') {
        flip(d[i]);
      }
    }
  }
}

// -->
</script>

</head>
<body>
<h2 align='center'>Test</h2><table border='1' align="center">
<tr>
<td>Tests passed/Failed/Skipped:</td><td>3/1/0</td>
</tr><tr>
<td>Started on:</td><td>Thu Dec 12 12:48:25 IST 2019</td>
</tr>
<tr><td>Total time:</td><td>384 seconds (384669 ms)</td>
</tr><tr>
<td>Included groups:</td><td></td>
</tr><tr>
<td>Excluded groups:</td><td></td>
</tr>
</table><p/>
<small><i>(Hover the method name to see the test class name)</i></small><p/>
<table width='100%' border='1' class='invocation-failed'>
<tr><td colspan='4' align='center'><b>FAILED TESTS</b></td></tr>
<tr><td><b>Test method</b></td>
<td width="30%"><b>Exception</b></td>
<td width="10%"><b>Time (seconds)</b></td>
<td><b>Instance</b></td>
</tr>
<tr>
<td title='testcases.Tc004_Enrollment.enrollmentCancel()'><b>enrollmentCancel</b><br>Test class: testcases.Tc004_Enrollment<br>Parameters: Enrollement and Cancel Subscriptions, myhq40@mailinator.com, test1234, KM8J74A62KT308388', 1000', Tom, Brady, 10550 talbert ave, Fountain Valley, CA, 9999999999', Mobile, 1234', active packages, No active packages</td>
<td><div><pre>java.lang.RuntimeException: FAILED
	at utils.Reporter.reportStep(Reporter.java:36)
	at utils.Reporter.reportStep(Reporter.java:50)
	at wrappers.GenericWrappers.clickByXpathExplict(GenericWrappers.java:547)
	at pages.VehicleRegistrationPage.clickActivateButton(VehicleRegistrationPage.java:50)
	at testcases.Tc004_Enrollment.enrollmentCancel(Tc004_Enrollment.java:28)
	at java.util.concurrent.ThreadPoolExecutor.runWorker(Unknown Source)
	at java.util.concurrent.ThreadPoolExecutor$Worker.run(Unknown Source)
	at java.lang.Thread.run(Unknown Source)
... Removed 12 stack frames</pre></div><a href='#' onClick='toggleBox("stack-trace1218653658", this, "Click to show all stack frames", "Click to hide stack frames")'>Click to show all stack frames</a>
<div class='stack-trace' id='stack-trace1218653658'><pre>java.lang.RuntimeException: FAILED
	at utils.Reporter.reportStep(Reporter.java:36)
	at utils.Reporter.reportStep(Reporter.java:50)
	at wrappers.GenericWrappers.clickByXpathExplict(GenericWrappers.java:547)
	at pages.VehicleRegistrationPage.clickActivateButton(VehicleRegistrationPage.java:50)
	at testcases.Tc004_Enrollment.enrollmentCancel(Tc004_Enrollment.java:28)
	at sun.reflect.NativeMethodAccessorImpl.invoke0(Native Method)
	at sun.reflect.NativeMethodAccessorImpl.invoke(Unknown Source)
	at sun.reflect.DelegatingMethodAccessorImpl.invoke(Unknown Source)
	at java.lang.reflect.Method.invoke(Unknown Source)
	at org.testng.internal.MethodInvocationHelper.invokeMethod(MethodInvocationHelper.java:133)
	at org.testng.internal.TestInvoker.invokeMethod(TestInvoker.java:584)
	at org.testng.internal.TestInvoker.invokeTestMethod(TestInvoker.java:172)
	at org.testng.internal.MethodRunner.runInSequence(MethodRunner.java:46)
	at org.testng.internal.TestInvoker$MethodInvocationAgent.invoke(TestInvoker.java:804)
	at org.testng.internal.TestInvoker.invokeTestMethods(TestInvoker.java:145)
	at org.testng.internal.TestMethodWorker.invokeTestMethods(TestMethodWorker.java:146)
	at org.testng.internal.TestMethodWorker.run(TestMethodWorker.java:128)
	at java.util.concurrent.ThreadPoolExecutor.runWorker(Unknown Source)
	at java.util.concurrent.ThreadPoolExecutor$Worker.run(Unknown Source)
	at java.lang.Thread.run(Unknown Source)
</pre></div></td>
<td>90</td>
<td>testcases.Tc004_Enrollment@7f9fcf7f</td></tr>
</table><p>
<table width='100%' border='1' class='invocation-passed'>
<tr><td colspan='4' align='center'><b>PASSED TESTS</b></td></tr>
<tr><td><b>Test method</b></td>
<td width="30%"><b>Exception</b></td>
<td width="10%"><b>Time (seconds)</b></td>
<td><b>Instance</b></td>
</tr>
<tr>
<td title='testcases.Tc003_Hyundai_Resources.hyundaiResources()'><b>hyundaiResources</b><br>Test class: testcases.Tc003_Hyundai_Resources<br>Parameters: Hyundai resources only HighLevel, Nexostg@mailinator.com, test1234, elantra, eco</td>
<td></td>
<td>120</td>
<td>testcases.Tc003_Hyundai_Resources@44a664f2</td></tr>
<tr>
<td title='testcases.Tc002_NegativeLogincase.loginNegativeCase()'><b>loginNegativeCase</b><br>Test class: testcases.Tc002_NegativeLogincase<br>Parameters: Login Negative Case, Nexostg@mailinator.com, test@1234, You have entered an incorrect username or password</td>
<td></td>
<td>37</td>
<td>testcases.Tc002_NegativeLogincase@7f77e91b</td></tr>
<tr>
<td title='testcases.Tc001_Login_Positive_Cases.loginPositivecase()'><b>loginPositivecase</b><br>Test class: testcases.Tc001_Login_Positive_Cases<br>Parameters: Login Positive Case, Nexostg@mailinator.com, test1234, Dashboard | MyHyundai, This is not Dashboard | MyHyundai</td>
<td></td>
<td>53</td>
<td>testcases.Tc001_Login_Positive_Cases@1a38c59b</td></tr>
</table><p>
</body>
</html>